<?xml version="1.0" encoding="UTF-8"?>
<testng-results total="1" passed="1" failed="0" skipped="0">
  <reporter-output>
  </reporter-output>
  <suite started-at="2021-08-13T20:36:26Z" name="Suite" finished-at="2021-08-13T20:37:13Z" duration-ms="46872">
    <groups>
      <group name="cucumber">
        <method signature="AbstractTestNGCucumberTests.runScenario(io.cucumber.testng.PickleWrapper, io.cucumber.testng.FeatureWrapper)[pri:0, instance:cucumberOptions.TestRunner@6c0d7c83]" name="runScenario" class="io.cucumber.testng.AbstractTestNGCucumberTests"/>
      </group> <!-- cucumber -->
    </groups>
    <test started-at="2021-08-13T20:36:26Z" name="Test" finished-at="2021-08-13T20:37:13Z" duration-ms="46872">
      <class name="cucumberOptions.TestRunner">
        <test-method is-config="true" signature="setUpClass()[pri:0, instance:cucumberOptions.TestRunner@6c0d7c83]" started-at="2021-08-13T15:36:26Z" name="setUpClass" finished-at="2021-08-13T15:36:27Z" duration-ms="589" status="PASS">
          <reporter-output>
          </reporter-output>
        </test-method> <!-- setUpClass -->
        <test-method signature="runScenario(io.cucumber.testng.PickleWrapper, io.cucumber.testng.FeatureWrapper)[pri:0, instance:cucumberOptions.TestRunner@6c0d7c83]" started-at="2021-08-13T15:36:27Z" name="runScenario" description="Runs Cucumber Scenarios" data-provider="scenarios" finished-at="2021-08-13T15:37:11Z" duration-ms="44078" status="PASS">
          <params>
            <param index="0">
              <value>
                <![CDATA["create a new account"]]>
              </value>
            </param>
            <param index="1">
              <value>
                <![CDATA["Optional[Validate the creation of a new account]"]]>
              </value>
            </param>
          </params>
          <reporter-output>
          </reporter-output>
        </test-method> <!-- runScenario -->
        <test-method is-config="true" signature="tearDownClass()[pri:0, instance:cucumberOptions.TestRunner@6c0d7c83]" started-at="2021-08-13T15:37:11Z" name="tearDownClass" finished-at="2021-08-13T15:37:13Z" duration-ms="2191" status="PASS">
          <reporter-output>
          </reporter-output>
        </test-method> <!-- tearDownClass -->
      </class> <!-- cucumberOptions.TestRunner -->
    </test> <!-- Test -->
  </suite> <!-- Suite -->
</testng-results>
