<?xml version="1.0" encoding="UTF-8"?>
<testng-results skipped="0" failed="0" total="0" passed="0">
  <reporter-output>
  </reporter-output>
  <suite name="Suite" duration-ms="791" started-at="2021-08-02T19:40:14Z" finished-at="2021-08-02T19:40:15Z">
    <groups>
      <group name="cucumber">
        <method signature="AbstractTestNGCucumberTests.runScenario(io.cucumber.testng.PickleWrapper, io.cucumber.testng.FeatureWrapper)[pri:0, instance:cucumberOptions.TestRunner@1ffe63b9]" name="runScenario" class="io.cucumber.testng.AbstractTestNGCucumberTests"/>
      </group> <!-- cucumber -->
    </groups>
    <test name="Test" duration-ms="791" started-at="2021-08-02T19:40:14Z" finished-at="2021-08-02T19:40:15Z">
      <class name="cucumberOptions.TestRunner">
        <test-method status="PASS" signature="setUpClass()[pri:0, instance:cucumberOptions.TestRunner@1ffe63b9]" name="setUpClass" is-config="true" duration-ms="721" started-at="2021-08-02T14:40:14Z" finished-at="2021-08-02T14:40:15Z">
          <reporter-output>
          </reporter-output>
        </test-method> <!-- setUpClass -->
        <test-method status="PASS" signature="tearDownClass()[pri:0, instance:cucumberOptions.TestRunner@1ffe63b9]" name="tearDownClass" is-config="true" duration-ms="31" started-at="2021-08-02T14:40:15Z" finished-at="2021-08-02T14:40:15Z">
          <reporter-output>
          </reporter-output>
        </test-method> <!-- tearDownClass -->
      </class> <!-- cucumberOptions.TestRunner -->
    </test> <!-- Test -->
  </suite> <!-- Suite -->
</testng-results>
